<?xml version="1.0" encoding="UTF-8"?>
<!-- Generated by org.testng.reporters.JUnitReportReporter -->
<testsuite hostname="LAPTOP-T1SEBETI" failures="0" tests="1" name="testNGpgm.NotificationPgm" time="4.277" errors="0" timestamp="2025-06-06T10:25:16 IST" skipped="0">
  <testcase classname="testNGpgm.NotificationPgm" name="url" time="4.277"/>
</testsuite> <!-- testNGpgm.NotificationPgm -->
