<?xml version="1.0" encoding="UTF-8"?>
<!-- Generated by org.testng.reporters.JUnitReportReporter -->
<testsuite hostname="LAPTOP-T1SEBETI" failures="0" tests="5" name="testNGpgm.BasictestNG" time="0.024" errors="0" timestamp="2025-06-01T19:45:36 IST" skipped="0">
  <testcase classname="testNGpgm.BasictestNG" name="test3" time="0.002"/>
  <testcase classname="testNGpgm.BasictestNG" name="test2" time="0.016"/>
  <testcase classname="testNGpgm.BasictestNG" name="test1" time="0.002"/>
  <testcase classname="testNGpgm.BasictestNG" name="test1" time="0.003"/>
  <testcase classname="testNGpgm.BasictestNG" name="test1" time="0.001"/>
</testsuite> <!-- testNGpgm.BasictestNG -->
