<?xml version="1.0" encoding="UTF-8"?>
<!-- Generated by org.testng.reporters.JUnitReportReporter -->
<testsuite hostname="LAPTOP-T1SEBETI" failures="0" tests="1" name="testNGpgm.Tab_Handling" time="3.638" errors="0" timestamp="2025-06-04T20:16:18 IST" skipped="0">
  <testcase classname="testNGpgm.Tab_Handling" name="test" time="3.638"/>
</testsuite> <!-- testNGpgm.Tab_Handling -->
