<?xml version="1.0" encoding="UTF-8"?>
<!-- Generated by org.testng.reporters.JUnitReportReporter -->
<testsuite hostname="LAPTOP-T1SEBETI" failures="0" tests="3" name="testNGpgm.TestNGgrouping" time="0.027" errors="0" timestamp="2025-06-02T10:13:07 IST" skipped="0">
  <testcase classname="testNGpgm.TestNGgrouping" name="test4" time="0.003"/>
  <testcase classname="testNGpgm.TestNGgrouping" name="test2" time="0.003"/>
  <testcase classname="testNGpgm.TestNGgrouping" name="test1" time="0.021"/>
</testsuite> <!-- testNGpgm.TestNGgrouping -->
