<?xml version="1.0" encoding="UTF-8"?>
<!-- Generated by org.testng.reporters.JUnitReportReporter -->
<testsuite hostname="LAPTOP-T1SEBETI" failures="0" tests="3" name="testNGpgm.Crossbrowsertesting" time="4.682" errors="0" timestamp="2025-06-03T20:29:40 IST" skipped="0">
  <testcase classname="testNGpgm.Crossbrowsertesting" name="test" time="1.618"/>
  <testcase classname="testNGpgm.Crossbrowsertesting" name="test" time="1.717"/>
  <testcase classname="testNGpgm.Crossbrowsertesting" name="test" time="1.347"/>
</testsuite> <!-- testNGpgm.Crossbrowsertesting -->
