<?xml version="1.0" encoding="UTF-8"?>
<!-- Generated by org.testng.reporters.JUnitReportReporter -->
<testsuite hostname="LAPTOP-T1SEBETI" failures="0" tests="1" name="testNGpgm.Apachepoi" time="4.915" errors="0" timestamp="2025-06-11T20:38:04 IST" skipped="0">
  <testcase classname="testNGpgm.Apachepoi" name="main" time="4.915"/>
</testsuite> <!-- testNGpgm.Apachepoi -->
