<?xml version="1.0" encoding="UTF-8"?>
<!-- Generated by org.testng.reporters.JUnitReportReporter -->
<testsuite hostname="LAPTOP-T1SEBETI" failures="0" tests="1" name="testNGpgm.DragAndDropPgm" time="8.431" errors="0" timestamp="2025-06-03T21:42:43 IST" skipped="0">
  <testcase classname="testNGpgm.DragAndDropPgm" name="test" time="8.431"/>
</testsuite> <!-- testNGpgm.DragAndDropPgm -->
