<?xml version="1.0" encoding="UTF-8"?>
<!-- Generated by org.testng.reporters.JUnitReportReporter -->
<testsuite hostname="LAPTOP-T1SEBETI" failures="0" tests="1" name="testNGpgm.ActionsKeyboardMouse" time="3.337" errors="0" timestamp="2025-06-03T21:04:35 IST" skipped="0">
  <testcase classname="testNGpgm.ActionsKeyboardMouse" name="test" time="3.337"/>
</testsuite> <!-- testNGpgm.ActionsKeyboardMouse -->
