<?xml version="1.0" encoding="UTF-8"?>
<!-- Generated by org.testng.reporters.JUnitReportReporter -->
<testsuite hostname="LAPTOP-T1SEBETI" failures="0" tests="1" name="testNGpgm.MouseHover" time="5.860" errors="0" timestamp="2025-06-04T11:07:15 IST" skipped="0">
  <testcase classname="testNGpgm.MouseHover" name="test" time="5.860"/>
</testsuite> <!-- testNGpgm.MouseHover -->
