<?xml version="1.0" encoding="UTF-8"?>
<!-- Generated by org.testng.reporters.JUnitReportReporter -->
<testsuite hostname="LAPTOP-T1SEBETI" failures="0" tests="1" name="testNGpgm.ParameterTest" time="0.013" errors="0" timestamp="2025-06-02T10:45:37 IST" skipped="0">
  <testcase classname="testNGpgm.ParameterTest" name="main" time="0.013"/>
</testsuite> <!-- testNGpgm.ParameterTest -->
