<?xml version="1.0" encoding="UTF-8"?>
<!-- Generated by org.testng.reporters.JUnitReportReporter -->
<testsuite hostname="LAPTOP-T1SEBETI" failures="0" tests="1" name="testNGpgm.FileUploadPgm" time="4.249" errors="0" timestamp="2025-07-05T23:03:58 IST" skipped="0">
  <testcase classname="testNGpgm.FileUploadPgm" name="test" time="4.249"/>
</testsuite> <!-- testNGpgm.FileUploadPgm -->
