<?xml version="1.0" encoding="UTF-8"?>
<!-- Generated by org.testng.reporters.JUnitReportReporter -->
<testsuite hostname="LAPTOP-T1SEBETI" failures="0" tests="1" name="testNGpgm.Rightclick_doubleclick_Pgm" time="3.218" errors="0" timestamp="2025-06-04T20:31:20 IST" skipped="0">
  <testcase classname="testNGpgm.Rightclick_doubleclick_Pgm" name="test" time="3.218"/>
</testsuite> <!-- testNGpgm.Rightclick_doubleclick_Pgm -->
