<?xml version="1.0" encoding="UTF-8"?>
<!-- Generated by org.testng.reporters.JUnitReportReporter -->
<testsuite hostname="LAPTOP-T1SEBETI" failures="0" tests="1" name="testNGpgm.ScrollDown" time="9.867" errors="0" timestamp="2025-06-06T11:19:49 IST" skipped="0">
  <testcase classname="testNGpgm.ScrollDown" name="test" time="9.867"/>
</testsuite> <!-- testNGpgm.ScrollDown -->
